SF:lib\addPage.dart
DA:9,4
DA:11,2
DA:12,2
DA:23,0
DA:25,0
DA:28,0
DA:29,0
DA:30,0
DA:35,0
DA:36,0
DA:37,0
DA:38,0
DA:40,0
DA:41,0
DA:44,0
DA:45,0
DA:46,0
DA:49,0
DA:50,0
DA:51,0
DA:52,0
DA:54,0
DA:55,0
DA:61,0
DA:62,0
DA:64,0
DA:66,0
DA:68,0
DA:72,0
DA:74,0
DA:78,0
DA:81,2
DA:83,2
DA:84,2
DA:86,2
DA:91,0
DA:95,2
DA:97,2
DA:99,2
DA:100,2
DA:101,2
DA:102,2
DA:105,2
DA:107,2
DA:108,2
DA:109,0
DA:110,0
DA:113,2
DA:129,4
DA:132,2
DA:134,2
DA:135,0
DA:137,0
DA:138,0
DA:143,2
DA:144,4
DA:145,4
DA:146,2
DA:148,8
DA:150,2
DA:154,2
DA:155,2
DA:159,4
DA:161,2
DA:162,2
DA:163,2
DA:166,2
DA:167,2
DA:178,2
DA:182,2
DA:184,2
DA:187,2
DA:189,2
DA:190,2
LF:74
LH:40
end_of_record
SF:lib\models\product.dart
DA:15,2
LF:1
LH:1
end_of_record
SF:lib\models\product_repositry.dart
DA:3,0
DA:6,0
DA:7,0
DA:8,0
DA:11,0
DA:13,0
DA:28,0
DA:31,0
DA:33,0
DA:38,0
DA:41,0
DA:43,0
DA:48,0
DA:51,0
DA:53,0
DA:58,0
DA:61,0
DA:63,0
DA:68,0
DA:71,0
DA:73,0
DA:78,0
DA:81,0
DA:83,0
DA:88,0
DA:91,0
DA:93,0
DA:98,0
DA:101,0
DA:103,0
DA:108,0
DA:111,0
DA:113,0
DA:118,0
DA:121,0
DA:123,0
DA:128,0
DA:131,0
DA:133,0
DA:138,0
DA:141,0
DA:143,0
DA:148,0
DA:151,0
DA:153,0
DA:158,0
DA:161,0
DA:163,0
DA:168,0
DA:171,0
DA:173,0
DA:178,0
DA:181,0
DA:183,0
DA:188,0
DA:191,0
DA:193,0
DA:198,0
DA:201,0
DA:203,0
DA:210,0
DA:211,0
DA:214,0
DA:215,0
LF:64
LH:0
end_of_record
SF:lib\detailspage.dart
DA:7,0
DA:13,0
DA:14,0
DA:19,0
DA:23,0
DA:25,0
DA:26,0
DA:27,0
DA:31,0
DA:32,0
DA:33,0
DA:34,0
DA:38,0
DA:39,0
DA:40,0
DA:43,0
DA:44,0
DA:54,0
DA:55,0
DA:57,0
DA:58,0
DA:62,0
DA:64,0
DA:65,0
DA:67,0
DA:69,0
DA:70,0
DA:71,0
DA:76,0
DA:79,0
DA:82,0
DA:83,0
DA:91,0
DA:92,0
DA:94,0
DA:96,0
DA:98,0
DA:100,0
DA:101,0
DA:102,0
DA:108,0
DA:109,0
DA:113,0
DA:114,0
DA:125,0
DA:127,0
DA:128,0
DA:129,0
DA:135,0
DA:136,0
DA:146,0
DA:148,0
DA:150,0
DA:151,0
DA:152,0
DA:153,0
DA:154,0
DA:157,0
DA:161,0
DA:162,0
DA:165,0
DA:167,0
DA:169,0
DA:171,0
DA:173,0
DA:181,0
DA:186,0
DA:187,0
DA:193,0
DA:195,0
DA:197,0
DA:198,0
DA:199,0
DA:206,0
DA:207,0
DA:220,0
DA:221,0
DA:222,0
DA:225,0
DA:226,0
LF:80
LH:0
end_of_record
